<?xml version="1.0" encoding="UTF-8"?>
<testng-results ignored="0" total="1" passed="1" failed="0" skipped="0">
  <reporter-output>
  </reporter-output>
  <suite started-at="2025-02-05T09:57:21 IST" name="Default suite" finished-at="2025-02-05T09:57:25 IST" duration-ms="3604">
    <groups>
    </groups>
    <test started-at="2025-02-05T09:57:21 IST" name="Default test" finished-at="2025-02-05T09:57:25 IST" duration-ms="3604">
      <class name="oAuth.GetCourseDetailsOauth">
        <test-method signature="get_courseDetails()[pri:0, instance:oAuth.GetCourseDetailsOauth@6379eb]" started-at="2025-02-05T09:57:21 IST" name="get_courseDetails" finished-at="2025-02-05T09:57:25 IST" duration-ms="3549" status="PASS">
          <reporter-output>
          </reporter-output>
        </test-method> <!-- get_courseDetails -->
      </class> <!-- oAuth.GetCourseDetailsOauth -->
    </test> <!-- Default test -->
  </suite> <!-- Default suite -->
</testng-results>
