<?xml version="1.0" encoding="UTF-8"?>
<testng-results ignored="0" total="1" passed="1" failed="0" skipped="0">
  <reporter-output>
  </reporter-output>
  <suite started-at="2025-01-31T08:18:39 IST" name="Default suite" finished-at="2025-01-31T08:18:41 IST" duration-ms="1870">
    <groups>
    </groups>
    <test started-at="2025-01-31T08:18:39 IST" name="Default test" finished-at="2025-01-31T08:18:41 IST" duration-ms="1870">
      <class name="explorer.JsonExplorer">
        <test-method signature="testMockResponse()[pri:0, instance:explorer.JsonExplorer@6379eb]" started-at="2025-01-31T08:18:39 IST" name="testMockResponse" finished-at="2025-01-31T08:18:41 IST" duration-ms="1802" status="PASS">
          <reporter-output>
          </reporter-output>
        </test-method> <!-- testMockResponse -->
      </class> <!-- explorer.JsonExplorer -->
    </test> <!-- Default test -->
  </suite> <!-- Default suite -->
</testng-results>
